mobileAndDesktopApp/iotfy_app/build/app/intermediates/manifest_merge_blame_file/release/manifest-merger-blame-release-report.txt
1<?xml version="1.0" encoding="utf-8"?>
2<manifest xmlns:android="http://schemas.android.com/apk/res/android"
3    package="com.example.iotfy_app"
4    android:versionCode="1"
5    android:versionName="1.0.0" >
6
7    <uses-sdk
8        android:minSdkVersion="21"
9        android:targetSdkVersion="35" />
10    <!-- Permissões de acesso à rede e à internet -->
11    <uses-permission android:name="android.permission.INTERNET" />
11-->src/main/AndroidManifest.xml:3:5-67
11-->src/main/AndroidManifest.xml:3:22-64
12    <uses-permission android:name="android.permission.ACCESS_NETWORK_STATE" />
12-->src/main/AndroidManifest.xml:4:5-79
12-->src/main/AndroidManifest.xml:4:22-76
13    <uses-permission android:name="android.permission.ACCESS_WIFI_STATE" />
13-->src/main/AndroidManifest.xml:5:5-76
13-->src/main/AndroidManifest.xml:5:22-73
14    <uses-permission android:name="android.permission.CHANGE_WIFI_STATE" />
14-->src/main/AndroidManifest.xml:6:5-76
14-->src/main/AndroidManifest.xml:6:22-73
15    <uses-permission android:name="android.permission.ACCESS_FINE_LOCATION" />
15-->src/main/AndroidManifest.xml:7:5-79
15-->src/main/AndroidManifest.xml:7:22-76
16    <uses-permission android:name="android.permission.ACCESS_COARSE_LOCATION" />
16-->src/main/AndroidManifest.xml:8:5-81
16-->src/main/AndroidManifest.xml:8:22-78
17
18    <!-- Requerido para consultar atividades que podem processar texto -->
19    <queries>
19-->src/main/AndroidManifest.xml:41:5-46:15
20        <intent>
20-->src/main/AndroidManifest.xml:42:9-45:18
21            <action android:name="android.intent.action.PROCESS_TEXT" />
21-->src/main/AndroidManifest.xml:43:13-72
21-->src/main/AndroidManifest.xml:43:21-70
22
23            <data android:mimeType="text/plain" />
23-->src/main/AndroidManifest.xml:44:13-50
23-->src/main/AndroidManifest.xml:44:19-48
24        </intent>
25    </queries>
26
27    <permission
27-->[androidx.core:core:1.13.1] AndroidManifest.xml:22:5-24:47
28        android:name="com.example.iotfy_app.DYNAMIC_RECEIVER_NOT_EXPORTED_PERMISSION"
28-->[androidx.core:core:1.13.1] AndroidManifest.xml:23:9-81
29        android:protectionLevel="signature" />
29-->[androidx.core:core:1.13.1] AndroidManifest.xml:24:9-44
30
31    <uses-permission android:name="com.example.iotfy_app.DYNAMIC_RECEIVER_NOT_EXPORTED_PERMISSION" />
31-->[androidx.core:core:1.13.1] AndroidManifest.xml:26:5-97
31-->[androidx.core:core:1.13.1] AndroidManifest.xml:26:22-94
32
33    <application
34        android:name="android.app.Application"
34-->src/main/AndroidManifest.xml:12:9-42
35        android:appComponentFactory="androidx.core.app.CoreComponentFactory"
35-->[androidx.core:core:1.13.1] AndroidManifest.xml:28:18-86
36        android:extractNativeLibs="true"
37        android:icon="@mipmap/ic_launcher"
37-->src/main/AndroidManifest.xml:13:9-43
38        android:label="iotfy_app" >
38-->src/main/AndroidManifest.xml:11:9-34
39        <activity
39-->src/main/AndroidManifest.xml:14:9-32:20
40            android:name="com.example.iotfy_app.MainActivity"
40-->src/main/AndroidManifest.xml:15:13-41
41            android:configChanges="orientation|keyboardHidden|keyboard|screenSize|smallestScreenSize|locale|layoutDirection|fontScale|screenLayout|density|uiMode"
41-->src/main/AndroidManifest.xml:20:13-163
42            android:exported="true"
42-->src/main/AndroidManifest.xml:16:13-36
43            android:hardwareAccelerated="true"
43-->src/main/AndroidManifest.xml:21:13-47
44            android:launchMode="singleTop"
44-->src/main/AndroidManifest.xml:17:13-43
45            android:taskAffinity=""
45-->src/main/AndroidManifest.xml:18:13-36
46            android:theme="@style/LaunchTheme"
46-->src/main/AndroidManifest.xml:19:13-47
47            android:windowSoftInputMode="adjustResize" >
47-->src/main/AndroidManifest.xml:22:13-55
48
49            <!-- Especifica um tema do Android para aplicar assim que o processo Android for iniciado -->
50            <meta-data
50-->src/main/AndroidManifest.xml:24:13-27:15
51                android:name="io.flutter.embedding.android.NormalTheme"
51-->src/main/AndroidManifest.xml:25:15-70
52                android:resource="@style/NormalTheme" />
52-->src/main/AndroidManifest.xml:26:15-52
53
54            <intent-filter>
54-->src/main/AndroidManifest.xml:28:13-31:29
55                <action android:name="android.intent.action.MAIN" />
55-->src/main/AndroidManifest.xml:29:17-68
55-->src/main/AndroidManifest.xml:29:25-66
56
57                <category android:name="android.intent.category.LAUNCHER" />
57-->src/main/AndroidManifest.xml:30:17-76
57-->src/main/AndroidManifest.xml:30:27-74
58            </intent-filter>
59        </activity>
60
61        <!-- Não delete a meta-data abaixo, usada pelo Flutter -->
62        <meta-data
62-->src/main/AndroidManifest.xml:35:9-37:33
63            android:name="flutterEmbedding"
63-->src/main/AndroidManifest.xml:36:13-44
64            android:value="2" />
64-->src/main/AndroidManifest.xml:37:13-30
65
66        <uses-library
66-->[androidx.window:window:1.2.0] AndroidManifest.xml:23:9-25:40
67            android:name="androidx.window.extensions"
67-->[androidx.window:window:1.2.0] AndroidManifest.xml:24:13-54
68            android:required="false" />
68-->[androidx.window:window:1.2.0] AndroidManifest.xml:25:13-37
69        <uses-library
69-->[androidx.window:window:1.2.0] AndroidManifest.xml:26:9-28:40
70            android:name="androidx.window.sidecar"
70-->[androidx.window:window:1.2.0] AndroidManifest.xml:27:13-51
71            android:required="false" />
71-->[androidx.window:window:1.2.0] AndroidManifest.xml:28:13-37
72
73        <provider
73-->[androidx.lifecycle:lifecycle-process:2.7.0] AndroidManifest.xml:24:9-32:20
74            android:name="androidx.startup.InitializationProvider"
74-->[androidx.lifecycle:lifecycle-process:2.7.0] AndroidManifest.xml:25:13-67
75            android:authorities="com.example.iotfy_app.androidx-startup"
75-->[androidx.lifecycle:lifecycle-process:2.7.0] AndroidManifest.xml:26:13-68
76            android:exported="false" >
76-->[androidx.lifecycle:lifecycle-process:2.7.0] AndroidManifest.xml:27:13-37
77            <meta-data
77-->[androidx.lifecycle:lifecycle-process:2.7.0] AndroidManifest.xml:29:13-31:52
78                android:name="androidx.lifecycle.ProcessLifecycleInitializer"
78-->[androidx.lifecycle:lifecycle-process:2.7.0] AndroidManifest.xml:30:17-78
79                android:value="androidx.startup" />
79-->[androidx.lifecycle:lifecycle-process:2.7.0] AndroidManifest.xml:31:17-49
80            <meta-data
80-->[androidx.profileinstaller:profileinstaller:1.3.1] AndroidManifest.xml:29:13-31:52
81                android:name="androidx.profileinstaller.ProfileInstallerInitializer"
81-->[androidx.profileinstaller:profileinstaller:1.3.1] AndroidManifest.xml:30:17-85
82                android:value="androidx.startup" />
82-->[androidx.profileinstaller:profileinstaller:1.3.1] AndroidManifest.xml:31:17-49
83        </provider>
84
85        <receiver
85-->[androidx.profileinstaller:profileinstaller:1.3.1] AndroidManifest.xml:34:9-52:20
86            android:name="androidx.profileinstaller.ProfileInstallReceiver"
86-->[androidx.profileinstaller:profileinstaller:1.3.1] AndroidManifest.xml:35:13-76
87            android:directBootAware="false"
87-->[androidx.profileinstaller:profileinstaller:1.3.1] AndroidManifest.xml:36:13-44
88            android:enabled="true"
88-->[androidx.profileinstaller:profileinstaller:1.3.1] AndroidManifest.xml:37:13-35
89            android:exported="true"
89-->[androidx.profileinstaller:profileinstaller:1.3.1] AndroidManifest.xml:38:13-36
90            android:permission="android.permission.DUMP" >
90-->[androidx.profileinstaller:profileinstaller:1.3.1] AndroidManifest.xml:39:13-57
91            <intent-filter>
91-->[androidx.profileinstaller:profileinstaller:1.3.1] AndroidManifest.xml:40:13-42:29
92                <action android:name="androidx.profileinstaller.action.INSTALL_PROFILE" />
92-->[androidx.profileinstaller:profileinstaller:1.3.1] AndroidManifest.xml:41:17-91
92-->[androidx.profileinstaller:profileinstaller:1.3.1] AndroidManifest.xml:41:25-88
93            </intent-filter>
94            <intent-filter>
94-->[androidx.profileinstaller:profileinstaller:1.3.1] AndroidManifest.xml:43:13-45:29
95                <action android:name="androidx.profileinstaller.action.SKIP_FILE" />
95-->[androidx.profileinstaller:profileinstaller:1.3.1] AndroidManifest.xml:44:17-85
95-->[androidx.profileinstaller:profileinstaller:1.3.1] AndroidManifest.xml:44:25-82
96            </intent-filter>
97            <intent-filter>
97-->[androidx.profileinstaller:profileinstaller:1.3.1] AndroidManifest.xml:46:13-48:29
98                <action android:name="androidx.profileinstaller.action.SAVE_PROFILE" />
98-->[androidx.profileinstaller:profileinstaller:1.3.1] AndroidManifest.xml:47:17-88
98-->[androidx.profileinstaller:profileinstaller:1.3.1] AndroidManifest.xml:47:25-85
99            </intent-filter>
100            <intent-filter>
100-->[androidx.profileinstaller:profileinstaller:1.3.1] AndroidManifest.xml:49:13-51:29
101                <action android:name="androidx.profileinstaller.action.BENCHMARK_OPERATION" />
101-->[androidx.profileinstaller:profileinstaller:1.3.1] AndroidManifest.xml:50:17-95
101-->[androidx.profileinstaller:profileinstaller:1.3.1] AndroidManifest.xml:50:25-92
102            </intent-filter>
103        </receiver>
104    </application>
105
106</manifest>